-------------------------------------------------------------------------------
Test set: com.telecom.servicegateway.ServiceGatewayApplicationTests
-------------------------------------------------------------------------------
Tests run: 1, Failures: 0, Errors: 1, Skipped: 0, Time elapsed: 22.003 s <<< FAILURE! - in com.telecom.servicegateway.ServiceGatewayApplicationTests
contextLoads  Time elapsed: 0.002 s  <<< ERROR!
java.lang.IllegalStateException: Failed to load ApplicationContext
Caused by: org.springframework.beans.factory.UnsatisfiedDependencyException: Error creating bean with name 'routeDefinitionRouteLocator' defined in class path resource [org/springframework/cloud/gateway/config/GatewayAutoConfiguration.class]: Unsatisfied dependency expressed through method 'routeDefinitionRouteLocator' parameter 1; nested exception is org.springframework.beans.factory.UnsatisfiedDependencyException: Error creating bean with name 'modifyRequestBodyGatewayFilterFactory' defined in class path resource [org/springframework/cloud/gateway/config/GatewayAutoConfiguration.class]: Unsatisfied dependency expressed through method 'modifyRequestBodyGatewayFilterFactory' parameter 0; nested exception is org.springframework.beans.factory.NoSuchBeanDefinitionException: No qualifying bean of type 'org.springframework.http.codec.ServerCodecConfigurer' available: expected at least 1 bean which qualifies as autowire candidate. Dependency annotations: {}
Caused by: org.springframework.beans.factory.UnsatisfiedDependencyException: Error creating bean with name 'modifyRequestBodyGatewayFilterFactory' defined in class path resource [org/springframework/cloud/gateway/config/GatewayAutoConfiguration.class]: Unsatisfied dependency expressed through method 'modifyRequestBodyGatewayFilterFactory' parameter 0; nested exception is org.springframework.beans.factory.NoSuchBeanDefinitionException: No qualifying bean of type 'org.springframework.http.codec.ServerCodecConfigurer' available: expected at least 1 bean which qualifies as autowire candidate. Dependency annotations: {}
Caused by: org.springframework.beans.factory.NoSuchBeanDefinitionException: No qualifying bean of type 'org.springframework.http.codec.ServerCodecConfigurer' available: expected at least 1 bean which qualifies as autowire candidate. Dependency annotations: {}

